TN:
SF:tests/src/app-with-plugin.module.ts
FN:2,(anonymous_0)
FN:8,(anonymous_1)
FNF:2
FNH:2
FNDA:1,(anonymous_0)
FNDA:1,(anonymous_1)
DA:2,1
DA:3,1
DA:4,1
DA:5,0
DA:6,1
DA:8,1
DA:9,1
DA:11,1
DA:12,1
DA:13,1
DA:14,1
DA:15,1
DA:16,1
DA:17,1
DA:19,1
DA:31,1
LF:16
LH:15
BRDA:2,0,0,1
BRDA:2,0,1,1
BRDA:2,0,2,1
BRDA:3,1,0,1
BRDA:3,1,1,0
BRDA:3,2,0,0
BRDA:3,2,1,0
BRDA:4,3,0,1
BRDA:4,3,1,0
BRDA:4,4,0,1
BRDA:4,4,1,1
BRDA:5,5,0,0
BRDA:5,5,1,0
BRDA:5,6,0,0
BRDA:5,6,1,0
BRDA:5,7,0,0
BRDA:5,7,1,0
BRDA:5,8,0,0
BRDA:5,8,1,0
BRDA:6,9,0,1
BRDA:6,9,1,0
BRDA:6,9,2,0
BRDA:8,10,0,1
BRDA:8,10,1,1
BRDA:8,10,2,1
BRDA:9,11,0,0
BRDA:9,11,1,1
BRDA:9,12,0,1
BRDA:9,12,1,1
BRF:29
BRH:14
end_of_record
TN:
SF:tests/src/app.module.ts
FN:2,(anonymous_0)
FNF:1
FNH:1
FNDA:1,(anonymous_0)
DA:2,1
DA:3,1
DA:4,1
DA:5,0
DA:6,1
DA:8,1
DA:9,1
DA:10,1
DA:11,1
DA:12,1
DA:13,1
DA:15,1
DA:23,1
LF:13
LH:12
BRDA:2,0,0,1
BRDA:2,0,1,1
BRDA:2,0,2,1
BRDA:3,1,0,1
BRDA:3,1,1,0
BRDA:3,2,0,0
BRDA:3,2,1,0
BRDA:4,3,0,1
BRDA:4,3,1,0
BRDA:4,4,0,1
BRDA:4,4,1,1
BRDA:5,5,0,0
BRDA:5,5,1,0
BRDA:5,6,0,0
BRDA:5,6,1,0
BRDA:5,7,0,0
BRDA:5,7,1,0
BRDA:5,8,0,0
BRDA:5,8,1,0
BRDA:6,9,0,1
BRDA:6,9,1,0
BRDA:6,9,2,0
BRF:22
BRH:8
end_of_record
TN:
SF:tests/src/base/base.controller.ts
FN:2,(anonymous_0)
FN:8,(anonymous_1)
FN:11,(anonymous_2)
FN:12,(anonymous_3)
FN:20,(anonymous_4)
FN:23,(anonymous_5)
FN:26,(anonymous_6)
FN:31,(anonymous_7)
FNF:8
FNH:8
FNDA:8,(anonymous_0)
FNDA:20,(anonymous_1)
FNDA:4,(anonymous_2)
FNDA:4,(anonymous_3)
FNDA:3,(anonymous_4)
FNDA:1,(anonymous_5)
FNDA:1,(anonymous_6)
FNDA:2,(anonymous_7)
DA:2,2
DA:3,8
DA:4,8
DA:5,0
DA:6,8
DA:8,2
DA:9,20
DA:11,2
DA:12,4
DA:14,2
DA:15,2
DA:16,2
DA:17,2
DA:18,2
DA:19,2
DA:21,3
DA:24,1
DA:27,1
DA:28,1
DA:29,1
DA:32,2
DA:33,2
DA:34,2
DA:37,2
DA:43,2
DA:50,2
DA:56,2
DA:61,2
LF:28
LH:27
BRDA:2,0,0,2
BRDA:2,0,1,2
BRDA:2,0,2,2
BRDA:3,1,0,2
BRDA:3,1,1,6
BRDA:3,2,0,6
BRDA:3,2,1,0
BRDA:4,3,0,8
BRDA:4,3,1,0
BRDA:4,4,0,8
BRDA:4,4,1,8
BRDA:5,5,0,0
BRDA:5,5,1,0
BRDA:5,6,0,0
BRDA:5,6,1,0
BRDA:5,7,0,0
BRDA:5,7,1,0
BRDA:5,8,0,0
BRDA:5,8,1,0
BRDA:6,9,0,8
BRDA:6,9,1,6
BRDA:6,9,2,6
BRDA:8,10,0,2
BRDA:8,10,1,2
BRDA:8,10,2,2
BRDA:9,11,0,20
BRDA:9,11,1,0
BRDA:9,12,0,20
BRDA:9,12,1,20
BRDA:11,13,0,2
BRDA:11,13,1,2
BRDA:11,13,2,2
BRF:32
BRH:21
end_of_record
TN:
SF:tests/src/base/base.module.ts
FN:2,(anonymous_0)
FNF:1
FNH:1
FNDA:2,(anonymous_0)
DA:2,2
DA:3,2
DA:4,2
DA:5,0
DA:6,2
DA:8,2
DA:9,2
DA:10,2
DA:11,2
DA:12,2
DA:14,2
DA:19,2
LF:12
LH:11
BRDA:2,0,0,2
BRDA:2,0,1,2
BRDA:2,0,2,2
BRDA:3,1,0,2
BRDA:3,1,1,0
BRDA:3,2,0,0
BRDA:3,2,1,0
BRDA:4,3,0,2
BRDA:4,3,1,0
BRDA:4,4,0,2
BRDA:4,4,1,2
BRDA:5,5,0,0
BRDA:5,5,1,0
BRDA:5,6,0,0
BRDA:5,6,1,0
BRDA:5,7,0,0
BRDA:5,7,1,0
BRDA:5,8,0,0
BRDA:5,8,1,0
BRDA:6,9,0,2
BRDA:6,9,1,0
BRDA:6,9,2,0
BRF:22
BRH:8
end_of_record
